2013-07-30 09:31:32 Error: [MissingControllerException] Controller class ImgController could not be found.
Exception Attributes: array (
  'class' => 'ImgController',
  'plugin' => NULL,
)
Request URL: /img/contact-img2.png
Stack Trace:
#0 C:\WorkSpace\Website\sdcmob\app\webroot\index.php(116): Dispatcher->dispatch(Object(CakeRequest), Object(CakeResponse))
#1 {main}
2013-07-30 09:31:32 Error: [MissingControllerException] Controller class ImgController could not be found.
Exception Attributes: array (
  'class' => 'ImgController',
  'plugin' => NULL,
)
Request URL: /img/contact-img.png
Stack Trace:
#0 C:\WorkSpace\Website\sdcmob\app\webroot\index.php(116): Dispatcher->dispatch(Object(CakeRequest), Object(CakeResponse))
#1 {main}
2013-07-30 09:33:06 Error: [MissingControllerException] Controller class ImgController could not be found.
Exception Attributes: array (
  'class' => 'ImgController',
  'plugin' => NULL,
)
Request URL: /img/contact-img.png
Stack Trace:
#0 C:\WorkSpace\Website\sdcmob\app\webroot\index.php(116): Dispatcher->dispatch(Object(CakeRequest), Object(CakeResponse))
#1 {main}
2013-07-30 09:33:06 Error: [MissingControllerException] Controller class ImgController could not be found.
Exception Attributes: array (
  'class' => 'ImgController',
  'plugin' => NULL,
)
Request URL: /img/contact-img2.png
Stack Trace:
#0 C:\WorkSpace\Website\sdcmob\app\webroot\index.php(116): Dispatcher->dispatch(Object(CakeRequest), Object(CakeResponse))
#1 {main}
2013-07-30 09:36:05 Error: [MissingControllerException] Controller class Favicon.icoController could not be found.
Exception Attributes: array (
  'class' => 'Favicon.icoController',
  'plugin' => NULL,
)
Request URL: /favicon.ico
Stack Trace:
#0 C:\WorkSpace\Website\sdcmob\app\webroot\index.php(116): Dispatcher->dispatch(Object(CakeRequest), Object(CakeResponse))
#1 {main}
2013-07-30 09:37:13 Error: [MissingControllerException] Controller class Favicon.icoController could not be found.
Exception Attributes: array (
  'class' => 'Favicon.icoController',
  'plugin' => NULL,
)
Request URL: /favicon.ico
Stack Trace:
#0 C:\WorkSpace\Website\sdcmob\app\webroot\index.php(116): Dispatcher->dispatch(Object(CakeRequest), Object(CakeResponse))
#1 {main}
2013-07-30 09:48:15 Error: [MissingControllerException] Controller class Favicon.icoController could not be found.
Exception Attributes: array (
  'class' => 'Favicon.icoController',
  'plugin' => NULL,
)
Request URL: /favicon.ico
Stack Trace:
#0 C:\WorkSpace\Website\sdcmob\app\webroot\index.php(116): Dispatcher->dispatch(Object(CakeRequest), Object(CakeResponse))
#1 {main}
2013-07-30 09:52:02 Error: [NotFoundException] Invalid user
Request URL: /users/view/personal-info.html
Stack Trace:
#0 [internal function]: UsersController->view('personal-info.h...')
#1 C:\WorkSpace\Website\sdcmob\lib\Cake\Controller\Controller.php(486): ReflectionMethod->invokeArgs(Object(UsersController), Array)
#2 C:\WorkSpace\Website\sdcmob\lib\Cake\Routing\Dispatcher.php(187): Controller->invokeAction(Object(CakeRequest))
#3 C:\WorkSpace\Website\sdcmob\lib\Cake\Routing\Dispatcher.php(162): Dispatcher->_invoke(Object(UsersController), Object(CakeRequest), Object(CakeResponse))
#4 C:\WorkSpace\Website\sdcmob\app\webroot\index.php(116): Dispatcher->dispatch(Object(CakeRequest), Object(CakeResponse))
#5 {main}
2013-07-30 10:17:50 Error: [MissingControllerException] Controller class Favicon.icoController could not be found.
Exception Attributes: array (
  'class' => 'Favicon.icoController',
  'plugin' => NULL,
)
Request URL: /favicon.ico
Stack Trace:
#0 C:\WorkSpace\Website\sdcmob\app\webroot\index.php(116): Dispatcher->dispatch(Object(CakeRequest), Object(CakeResponse))
#1 {main}
2013-07-30 10:22:32 Error: [MissingControllerException] Controller class Favicon.icoController could not be found.
Exception Attributes: array (
  'class' => 'Favicon.icoController',
  'plugin' => NULL,
)
Request URL: /favicon.ico
Stack Trace:
#0 C:\WorkSpace\Website\sdcmob\app\webroot\index.php(116): Dispatcher->dispatch(Object(CakeRequest), Object(CakeResponse))
#1 {main}
2013-07-30 10:22:39 Error: [MissingControllerException] Controller class CssController could not be found.
Exception Attributes: array (
  'class' => 'CssController',
  'plugin' => NULL,
)
Request URL: /css/bootstrap/bootstrap.css
Stack Trace:
#0 C:\WorkSpace\Website\sdcmob\app\webroot\index.php(116): Dispatcher->dispatch(Object(CakeRequest), Object(CakeResponse))
#1 {main}
2013-07-30 10:22:39 Error: [MissingControllerException] Controller class CssController could not be found.
Exception Attributes: array (
  'class' => 'CssController',
  'plugin' => NULL,
)
Request URL: /css/bootstrap/bootstrap-overrides.css
Stack Trace:
#0 C:\WorkSpace\Website\sdcmob\app\webroot\index.php(116): Dispatcher->dispatch(Object(CakeRequest), Object(CakeResponse))
#1 {main}
2013-07-30 10:22:39 Error: [MissingControllerException] Controller class CssController could not be found.
Exception Attributes: array (
  'class' => 'CssController',
  'plugin' => NULL,
)
Request URL: /css/lib/font-awesome.css
Stack Trace:
#0 C:\WorkSpace\Website\sdcmob\app\webroot\index.php(116): Dispatcher->dispatch(Object(CakeRequest), Object(CakeResponse))
#1 {main}
2013-07-30 10:22:39 Error: [MissingControllerException] Controller class CssController could not be found.
Exception Attributes: array (
  'class' => 'CssController',
  'plugin' => NULL,
)
Request URL: /css/layout.css
Stack Trace:
#0 C:\WorkSpace\Website\sdcmob\app\webroot\index.php(116): Dispatcher->dispatch(Object(CakeRequest), Object(CakeResponse))
#1 {main}
2013-07-30 10:22:39 Error: [MissingControllerException] Controller class CssController could not be found.
Exception Attributes: array (
  'class' => 'CssController',
  'plugin' => NULL,
)
Request URL: /css/bootstrap/bootstrap-responsive.css
Stack Trace:
#0 C:\WorkSpace\Website\sdcmob\app\webroot\index.php(116): Dispatcher->dispatch(Object(CakeRequest), Object(CakeResponse))
#1 {main}
2013-07-30 10:22:39 Error: [MissingControllerException] Controller class CssController could not be found.
Exception Attributes: array (
  'class' => 'CssController',
  'plugin' => NULL,
)
Request URL: /css/lib/jquery-ui-1.10.2.custom.css
Stack Trace:
#0 C:\WorkSpace\Website\sdcmob\app\webroot\index.php(116): Dispatcher->dispatch(Object(CakeRequest), Object(CakeResponse))
#1 {main}
2013-07-30 10:22:40 Error: [MissingControllerException] Controller class CssController could not be found.
Exception Attributes: array (
  'class' => 'CssController',
  'plugin' => NULL,
)
Request URL: /css/elements.css
Stack Trace:
#0 C:\WorkSpace\Website\sdcmob\app\webroot\index.php(116): Dispatcher->dispatch(Object(CakeRequest), Object(CakeResponse))
#1 {main}
2013-07-30 10:22:40 Error: [MissingControllerException] Controller class CssController could not be found.
Exception Attributes: array (
  'class' => 'CssController',
  'plugin' => NULL,
)
Request URL: /css/icons.css
Stack Trace:
#0 C:\WorkSpace\Website\sdcmob\app\webroot\index.php(116): Dispatcher->dispatch(Object(CakeRequest), Object(CakeResponse))
#1 {main}
2013-07-30 10:22:40 Error: [MissingControllerException] Controller class CssController could not be found.
Exception Attributes: array (
  'class' => 'CssController',
  'plugin' => NULL,
)
Request URL: /css/compiled/index.css
Stack Trace:
#0 C:\WorkSpace\Website\sdcmob\app\webroot\index.php(116): Dispatcher->dispatch(Object(CakeRequest), Object(CakeResponse))
#1 {main}
2013-07-30 10:22:40 Error: [MissingControllerException] Controller class JsController could not be found.
Exception Attributes: array (
  'class' => 'JsController',
  'plugin' => NULL,
)
Request URL: /js/jquery-ui-1.10.2.custom.min.js
Stack Trace:
#0 C:\WorkSpace\Website\sdcmob\app\webroot\index.php(116): Dispatcher->dispatch(Object(CakeRequest), Object(CakeResponse))
#1 {main}
2013-07-30 10:29:01 Error: [MissingControllerException] Controller class ImgController could not be found.
Exception Attributes: array (
  'class' => 'ImgController',
  'plugin' => NULL,
)
Request URL: /img/contact-img2.png
Stack Trace:
#0 C:\WorkSpace\Website\sdcmob\app\webroot\index.php(116): Dispatcher->dispatch(Object(CakeRequest), Object(CakeResponse))
#1 {main}
2013-07-30 10:29:01 Error: [MissingControllerException] Controller class ImgController could not be found.
Exception Attributes: array (
  'class' => 'ImgController',
  'plugin' => NULL,
)
Request URL: /img/contact-img.png
Stack Trace:
#0 C:\WorkSpace\Website\sdcmob\app\webroot\index.php(116): Dispatcher->dispatch(Object(CakeRequest), Object(CakeResponse))
#1 {main}
2013-07-30 10:29:30 Error: [MissingControllerException] Controller class ImgController could not be found.
Exception Attributes: array (
  'class' => 'ImgController',
  'plugin' => NULL,
)
Request URL: /img/contact-img.png
Stack Trace:
#0 C:\WorkSpace\Website\sdcmob\app\webroot\index.php(116): Dispatcher->dispatch(Object(CakeRequest), Object(CakeResponse))
#1 {main}
2013-07-30 10:29:30 Error: [MissingControllerException] Controller class ImgController could not be found.
Exception Attributes: array (
  'class' => 'ImgController',
  'plugin' => NULL,
)
Request URL: /img/contact-img2.png
Stack Trace:
#0 C:\WorkSpace\Website\sdcmob\app\webroot\index.php(116): Dispatcher->dispatch(Object(CakeRequest), Object(CakeResponse))
#1 {main}
2013-07-30 10:38:01 Error: [MissingControllerException] Controller class Favicon.icoController could not be found.
Exception Attributes: array (
  'class' => 'Favicon.icoController',
  'plugin' => NULL,
)
Request URL: /favicon.ico
Stack Trace:
#0 C:\WorkSpace\Website\sdcmob\app\webroot\index.php(116): Dispatcher->dispatch(Object(CakeRequest), Object(CakeResponse))
#1 {main}
2013-07-30 10:41:29 Error: [MissingActionException] Action UsersController::css() could not be found.
Exception Attributes: array (
  'controller' => 'UsersController',
  'action' => 'css',
)
Request URL: /users/css/compiled/signin.css
Stack Trace:
#0 C:\WorkSpace\Website\sdcmob\lib\Cake\Routing\Dispatcher.php(187): Controller->invokeAction(Object(CakeRequest))
#1 C:\WorkSpace\Website\sdcmob\lib\Cake\Routing\Dispatcher.php(162): Dispatcher->_invoke(Object(UsersController), Object(CakeRequest), Object(CakeResponse))
#2 C:\WorkSpace\Website\sdcmob\app\webroot\index.php(116): Dispatcher->dispatch(Object(CakeRequest), Object(CakeResponse))
#3 {main}
2013-07-30 10:41:33 Error: [MissingControllerException] Controller class Favicon.icoController could not be found.
Exception Attributes: array (
  'class' => 'Favicon.icoController',
  'plugin' => NULL,
)
Request URL: /favicon.ico
Stack Trace:
#0 C:\WorkSpace\Website\sdcmob\app\webroot\index.php(116): Dispatcher->dispatch(Object(CakeRequest), Object(CakeResponse))
#1 {main}
2013-07-30 10:41:57 Error: [MissingControllerException] Controller class Favicon.icoController could not be found.
Exception Attributes: array (
  'class' => 'Favicon.icoController',
  'plugin' => NULL,
)
Request URL: /favicon.ico
Stack Trace:
#0 C:\WorkSpace\Website\sdcmob\app\webroot\index.php(116): Dispatcher->dispatch(Object(CakeRequest), Object(CakeResponse))
#1 {main}
2013-07-30 10:42:05 Error: [MissingControllerException] Controller class Favicon.icoController could not be found.
Exception Attributes: array (
  'class' => 'Favicon.icoController',
  'plugin' => NULL,
)
Request URL: /favicon.ico
Stack Trace:
#0 C:\WorkSpace\Website\sdcmob\app\webroot\index.php(116): Dispatcher->dispatch(Object(CakeRequest), Object(CakeResponse))
#1 {main}
2013-07-30 10:42:13 Error: [MissingControllerException] Controller class Favicon.icoController could not be found.
Exception Attributes: array (
  'class' => 'Favicon.icoController',
  'plugin' => NULL,
)
Request URL: /favicon.ico
Stack Trace:
#0 C:\WorkSpace\Website\sdcmob\app\webroot\index.php(116): Dispatcher->dispatch(Object(CakeRequest), Object(CakeResponse))
#1 {main}
2013-07-30 10:42:30 Error: [MissingControllerException] Controller class Favicon.icoController could not be found.
Exception Attributes: array (
  'class' => 'Favicon.icoController',
  'plugin' => NULL,
)
Request URL: /favicon.ico
Stack Trace:
#0 C:\WorkSpace\Website\sdcmob\app\webroot\index.php(116): Dispatcher->dispatch(Object(CakeRequest), Object(CakeResponse))
#1 {main}
2013-07-30 10:44:58 Error: [MissingControllerException] Controller class Favicon.icoController could not be found.
Exception Attributes: array (
  'class' => 'Favicon.icoController',
  'plugin' => NULL,
)
Request URL: /favicon.ico
Stack Trace:
#0 C:\WorkSpace\Website\sdcmob\app\webroot\index.php(116): Dispatcher->dispatch(Object(CakeRequest), Object(CakeResponse))
#1 {main}
2013-07-30 10:58:20 Error: [MissingControllerException] Controller class Favicon.icoController could not be found.
Exception Attributes: array (
  'class' => 'Favicon.icoController',
  'plugin' => NULL,
)
Request URL: /favicon.ico
Stack Trace:
#0 C:\WorkSpace\Website\sdcmob\app\webroot\index.php(116): Dispatcher->dispatch(Object(CakeRequest), Object(CakeResponse))
#1 {main}
2013-07-30 11:07:38 Error: [MissingControllerException] Controller class Chart-showcase.htmlController could not be found.
Exception Attributes: array (
  'class' => 'Chart-showcase.htmlController',
  'plugin' => NULL,
)
Request URL: /chart-showcase.html
Stack Trace:
#0 C:\WorkSpace\Website\sdcmob\app\webroot\index.php(116): Dispatcher->dispatch(Object(CakeRequest), Object(CakeResponse))
#1 {main}
